<?xml version="1.0" encoding="UTF-8"?>
<!-- Generated by org.testng.reporters.JUnitReportReporter -->
<testsuite hostname="LAPTOP-VLB1GQ7A" failures="0" tests="1" name="testNG.case1" time="19.979" errors="0" timestamp="2021-06-29T14:20:06 IST" skipped="0">
  <testcase classname="testNG.case1" name="edit_Text" time="19.979"/>
  <system-out/>
</testsuite> <!-- testNG.case1 -->
