<?xml version="1.0" encoding="UTF-8"?>
<!-- Generated by org.testng.reporters.JUnitReportReporter -->
<testsuite hostname="LAPTOP-VLB1GQ7A" failures="0" tests="1" name="testNG.First" time="8.929" errors="0" timestamp="2021-06-28T16:32:52 IST" skipped="0">
  <testcase classname="testNG.First" name="Third" time="8.929"/>
  <system-out/>
</testsuite> <!-- testNG.First -->
