<?xml version="1.0" encoding="UTF-8"?>
<!-- Generated by org.testng.reporters.JUnitReportReporter -->
<testsuite hostname="LAPTOP-VLB1GQ7A" failures="0" tests="1" name="com.suite1.lamda.case1" time="21.911" errors="0" timestamp="2021-06-29T15:08:18 IST" skipped="0">
  <testcase classname="com.suite1.lamda.case1" name="edit_Text" time="21.911"/>
  <system-out/>
</testsuite> <!-- com.suite1.lamda.case1 -->
